<?xml version="1.0" encoding="UTF-8"?>
<!-- Generated by org.testng.reporters.JUnitReportReporter -->
<testsuite skipped="0" hostname="AYUSH" name="qaclickacademy.AppiumTest" tests="2" failures="0" timestamp="02 May 2021 19:54:18 GMT" time="0.005" errors="0">
  <testcase name="NativeAPpAndroid" time="0.005" classname="qaclickacademy.AppiumTest"/>
  <testcase name="IOSApps" time="0.000" classname="qaclickacademy.AppiumTest"/>
</testsuite> <!-- qaclickacademy.AppiumTest -->
