<?xml version="1.0" encoding="UTF-8"?>
<!-- Generated by org.testng.reporters.JUnitReportReporter -->
<testsuite skipped="0" hostname="AYUSH" name="qaclickacademy.SeleniumTest" tests="2" failures="0" timestamp="26 May 2021 19:56:25 GMT" time="0.027" errors="0">
  <testcase name="elementsUi" time="0.006" classname="qaclickacademy.SeleniumTest"/>
  <testcase name="BrowserAUtomation" time="0.021" classname="qaclickacademy.SeleniumTest"/>
</testsuite> <!-- qaclickacademy.SeleniumTest -->
