<?xml version="1.0" encoding="UTF-8"?>
<!-- Generated by org.testng.reporters.JUnitReportReporter -->
<testsuite skipped="0" hostname="AYUSH" name="qaclickacademy.AppiumTest" tests="2" failures="0" timestamp="26 May 2021 19:57:00 GMT" time="0.025" errors="0">
  <testcase name="IOSApps" time="0.024" classname="qaclickacademy.AppiumTest"/>
  <testcase name="NativeAPpAndroid" time="0.001" classname="qaclickacademy.AppiumTest"/>
</testsuite> <!-- qaclickacademy.AppiumTest -->
